<?xml version="1.0" encoding="UTF-8"?>
<testsuite xmlns:xsi="http://www.w3.org/2001/XMLSchema-instance" xsi:noNamespaceSchemaLocation="https://maven.apache.org/surefire/maven-surefire-plugin/xsd/surefire-test-report-3.0.xsd" version="3.0" name="HabitServiceTests" time="0.04" tests="8" errors="0" skipped="0" failures="0">
  <properties>
[...]
</properties>
  <testcase name="testUpdateHabitDescription" classname="HabitServiceTests" time="0.03"/>
  <testcase name="testDeleteHabit_one" classname="HabitServiceTests" time="0.001"/>
  <testcase name="testDeleteHabit_several" classname="HabitServiceTests" time="0.001"/>
  <testcase name="testUpdateHabitName" classname="HabitServiceTests" time="0.001"/>
  <testcase name="testUpdateHabitInterval" classname="HabitServiceTests" time="0.003"/>
  <testcase name="testDeleteAll" classname="HabitServiceTests" time="0.0"/>
  <testcase name="testCreateHabit_several" classname="HabitServiceTests" time="0.0"/>
  <testcase name="testCreateHabit_one" classname="HabitServiceTests" time="0.001"/>
</testsuite>